Using pre-set license
Built from '2021.3/staging' branch; Version is '2021.3.21f1 (1b156197d683) revision 1774945'; Using compiler version '192829333'; Build Type 'Release'
OS: 'Windows 11  (10.0.22621) 64bit Core' Language: 'ko' Physical Memory: 65398 MB
BatchMode: 1, IsHumanControllingUs: 0, StartBugReporterOnCrash: 0, Is64bit: 1, IsPro: 1

COMMAND LINE ARGUMENTS:
C:\Program Files\Unity\Hub\Editor\2021.3.21f1\Editor\Unity.exe
-adb2
-batchMode
-noUpm
-name
AssetImportWorker0
-projectPath
C:/Users/gyw1t/githubRepository_yw/CarrotMarketPro/CarrotProject
-logFile
Logs/AssetImportWorker0.log
-srvPort
55976
Successfully changed project path to: C:/Users/gyw1t/githubRepository_yw/CarrotMarketPro/CarrotProject
C:/Users/gyw1t/githubRepository_yw/CarrotMarketPro/CarrotProject
[UnityMemory] Configuration Parameters - Can be set up in boot.config
    "memorysetup-bucket-allocator-granularity=16"
    "memorysetup-bucket-allocator-bucket-count=8"
    "memorysetup-bucket-allocator-block-size=33554432"
    "memorysetup-bucket-allocator-block-count=8"
    "memorysetup-main-allocator-block-size=16777216"
    "memorysetup-thread-allocator-block-size=16777216"
    "memorysetup-gfx-main-allocator-block-size=16777216"
    "memorysetup-gfx-thread-allocator-block-size=16777216"
    "memorysetup-cache-allocator-block-size=4194304"
    "memorysetup-typetree-allocator-block-size=2097152"
    "memorysetup-profiler-bucket-allocator-granularity=16"
    "memorysetup-profiler-bucket-allocator-bucket-count=8"
    "memorysetup-profiler-bucket-allocator-block-size=33554432"
    "memorysetup-profiler-bucket-allocator-block-count=8"
    "memorysetup-profiler-allocator-block-size=16777216"
    "memorysetup-profiler-editor-allocator-block-size=1048576"
    "memorysetup-temp-allocator-size-main=16777216"
    "memorysetup-job-temp-allocator-block-size=2097152"
    "memorysetup-job-temp-allocator-block-size-background=1048576"
    "memorysetup-job-temp-allocator-reduction-small-platforms=262144"
    "memorysetup-temp-allocator-size-background-worker=32768"
    "memorysetup-temp-allocator-size-job-worker=262144"
    "memorysetup-temp-allocator-size-preload-manager=33554432"
    "memorysetup-temp-allocator-size-nav-mesh-worker=65536"
    "memorysetup-temp-allocator-size-audio-worker=65536"
    "memorysetup-temp-allocator-size-cloud-worker=32768"
    "memorysetup-temp-allocator-size-gi-baking-worker=262144"
    "memorysetup-temp-allocator-size-gfx=262144"
Player connection [20464] Host "[IP] 192.168.0.49 [Port] 0 [Flags] 2 [Guid] 1000625618 [EditorId] 1000625618 [Version] 1048832 [Id] WindowsEditor(7,JYPLAB2023) [Debug] 1 [PackageName] WindowsEditor [ProjectName] Editor" joined multi-casting on [225.0.0.222:54997]...

Player connection [20464] Host "[IP] 192.168.0.49 [Port] 0 [Flags] 2 [Guid] 1000625618 [EditorId] 1000625618 [Version] 1048832 [Id] WindowsEditor(7,JYPLAB2023) [Debug] 1 [PackageName] WindowsEditor [ProjectName] Editor" joined alternative multi-casting on [225.0.0.222:34997]...

Refreshing native plugins compatible for Editor in 96.16 ms, found 8 plugins.
Preloading 1 native plugins for Editor in 0.43 ms.
Initialize engine version: 2021.3.21f1 (1b156197d683)
[Subsystems] Discovering subsystems at path C:/Program Files/Unity/Hub/Editor/2021.3.21f1/Editor/Data/Resources/UnitySubsystems
[Subsystems] Discovering subsystems at path C:/Users/gyw1t/githubRepository_yw/CarrotMarketPro/CarrotProject/Assets
GfxDevice: creating device client; threaded=0; jobified=0
Direct3D:
    Version:  Direct3D 11.0 [level 11.1]
    Renderer: NVIDIA GeForce RTX 3060 Ti (ID=0x2489)
    Vendor:   NVIDIA
    VRAM:     8050 MB
    Driver:   31.0.15.1702
Shader 'Oculus/OVRMRCameraFrameLit': fallback shader 'Alpha-Diffuse' not found
Initialize mono
Mono path[0] = 'C:/Program Files/Unity/Hub/Editor/2021.3.21f1/Editor/Data/Managed'
Mono path[1] = 'C:/Program Files/Unity/Hub/Editor/2021.3.21f1/Editor/Data/MonoBleedingEdge/lib/mono/unityjit-win32'
Mono config path = 'C:/Program Files/Unity/Hub/Editor/2021.3.21f1/Editor/Data/MonoBleedingEdge/etc'
Using monoOptions --debugger-agent=transport=dt_socket,embedding=1,server=y,suspend=n,address=127.0.0.1:56944
Begin MonoManager ReloadAssembly
Registering precompiled unity dll's ...
Register platform support module: C:/Program Files/Unity/Hub/Editor/2021.3.21f1/Editor/Data/PlaybackEngines/WindowsStandaloneSupport/UnityEditor.WindowsStandalone.Extensions.dll
Registered in 0.003603 seconds.
Native extension for WindowsStandalone target not found
Refreshing native plugins compatible for Editor in 87.31 ms, found 8 plugins.
Preloading 1 native plugins for Editor in 0.05 ms.
Mono: successfully reloaded assembly
- Completed reload, in  0.499 seconds
Domain Reload Profiling:
	ReloadAssembly (499ms)
		BeginReloadAssembly (74ms)
			ExecutionOrderSort (0ms)
			DisableScriptedObjects (0ms)
			BackupInstance (0ms)
			ReleaseScriptingObjects (0ms)
			CreateAndSetChildDomain (1ms)
		EndReloadAssembly (346ms)
			LoadAssemblies (73ms)
			RebuildTransferFunctionScriptingTraits (0ms)
			SetupTypeCache (78ms)
			ReleaseScriptCaches (0ms)
			RebuildScriptCaches (17ms)
			SetupLoadedEditorAssemblies (212ms)
				LogAssemblyErrors (0ms)
				InitializePlatformSupportModulesInManaged (5ms)
				SetLoadedEditorAssemblies (0ms)
				RefreshPlugins (87ms)
				BeforeProcessingInitializeOnLoad (1ms)
				ProcessInitializeOnLoadAttributes (87ms)
				ProcessInitializeOnLoadMethodAttributes (32ms)
				AfterProcessingInitializeOnLoad (0ms)
				EditorAssembliesLoaded (0ms)
			ExecutionOrderSort2 (0ms)
			AwakeInstancesAfterBackupRestoration (0ms)
Platform modules already initialized, skipping
Registering precompiled user dll's ...
Registered in 0.005155 seconds.
Begin MonoManager ReloadAssembly
Symbol file data-000001E74869DF80 doesn't match image C:\Users\gyw1t\githubRepository_yw\CarrotMarketPro\CarrotProject\Library\ScriptAssemblies\Meta.VoiceSDK.Mic.WebGL.dll
Symbol file LoadedFromMemory is not a mono symbol file
Symbol file data-000001E74A993010 doesn't match image C:\Users\gyw1t\githubRepository_yw\CarrotMarketPro\CarrotProject\Library\ScriptAssemblies\Facebook.Wit.Dictation.Editor.dll
Symbol file LoadedFromMemory is not a mono symbol file
Symbol file data-000001E749FE1D80 doesn't match image C:\Users\gyw1t\githubRepository_yw\CarrotMarketPro\CarrotProject\Library\ScriptAssemblies\Meta.WitAi.TTS.dll
Symbol file LoadedFromMemory is not a mono symbol file
Symbol file data-000001E749FE1D80 doesn't match image C:\Users\gyw1t\githubRepository_yw\CarrotMarketPro\CarrotProject\Library\ScriptAssemblies\Meta.WitAi.TTS.Editor.dll
Symbol file LoadedFromMemory is not a mono symbol file
Symbol file data-000001E747D21770 doesn't match image C:\Users\gyw1t\githubRepository_yw\CarrotMarketPro\CarrotProject\Library\ScriptAssemblies\Meta.WitAi.TTS.Samples.dll
Symbol file LoadedFromMemory is not a mono symbol file
Symbol file LoadedFromMemory doesn't match image C:\Users\gyw1t\githubRepository_yw\CarrotMarketPro\CarrotProject\Library\PackageCache\com.unity.visualscripting@1.8.0\Editor\VisualScripting.Core\Dependencies\DotNetZip\Unity.VisualScripting.IonicZip.dll
Symbol file LoadedFromMemory doesn't match image C:\Users\gyw1t\githubRepository_yw\CarrotMarketPro\CarrotProject\Library\PackageCache\com.unity.visualscripting@1.8.0\Editor\VisualScripting.Core\Dependencies\YamlDotNet\Unity.VisualScripting.YamlDotNet.dll
Native extension for WindowsStandalone target not found
Refreshing native plugins compatible for Editor in 1.24 ms, found 8 plugins.
Preloading 1 native plugins for Editor in 0.05 ms.
Package Manager log level set to [2]
[XR] OculusXRPlugin: registering subsystems
[XR] Unable to register display lifecyle provider: [1]
[XR] Oculus Input lifecycle provider registered.
[XR] Unable to register input lifecyle provider: [1]
[XR] OVRP version 1.85.0
Mono: successfully reloaded assembly
- Completed reload, in  0.919 seconds
Domain Reload Profiling:
	ReloadAssembly (920ms)
		BeginReloadAssembly (86ms)
			ExecutionOrderSort (0ms)
			DisableScriptedObjects (4ms)
			BackupInstance (0ms)
			ReleaseScriptingObjects (0ms)
			CreateAndSetChildDomain (17ms)
		EndReloadAssembly (757ms)
			LoadAssemblies (74ms)
			RebuildTransferFunctionScriptingTraits (0ms)
			SetupTypeCache (243ms)
			ReleaseScriptCaches (1ms)
			RebuildScriptCaches (56ms)
			SetupLoadedEditorAssemblies (358ms)
				LogAssemblyErrors (0ms)
				InitializePlatformSupportModulesInManaged (4ms)
				SetLoadedEditorAssemblies (0ms)
				RefreshPlugins (1ms)
				BeforeProcessingInitializeOnLoad (72ms)
				ProcessInitializeOnLoadAttributes (257ms)
				ProcessInitializeOnLoadMethodAttributes (19ms)
				AfterProcessingInitializeOnLoad (5ms)
				EditorAssembliesLoaded (0ms)
			ExecutionOrderSort2 (0ms)
			AwakeInstancesAfterBackupRestoration (4ms)
Platform modules already initialized, skipping
========================================================================
Worker process is ready to serve import requests
Shader 'Oculus/OVRMRCameraFrameLit': fallback shader 'Alpha-Diffuse' not found
Launched and connected shader compiler UnityShaderCompiler.exe after 0.04 seconds
Refreshing native plugins compatible for Editor in 1.22 ms, found 8 plugins.
Preloading 1 native plugins for Editor in 0.06 ms.
Unloading 4758 Unused Serialized files (Serialized files now loaded: 0)
Unloading 55 unused Assets / (192.8 KB). Loaded Objects now: 5196.
Memory consumption went from 173.8 MB to 173.6 MB.
Total: 3.502800 ms (FindLiveObjects: 0.370900 ms CreateObjectMapping: 0.137300 ms MarkObjects: 2.783100 ms  DeleteObjects: 0.209600 ms)

AssetImportParameters requested are different than current active one (requested -> active):
  custom:video-decoder-ogg-theora: a1e56fd34408186e4bbccfd4996cb3dc -> 
  custom:container-muxer-webm: aa71ff27fc2769a1b78a27578f13a17b -> 
  custom:container-demuxer-webm: 4f35f7cbe854078d1ac9338744f61a02 -> 
  custom:video-encoder-webm-vp8: eb34c28f22e8b96e1ab97ce403110664 -> 
  custom:audio-encoder-webm-vorbis: bf7c407c2cedff20999df2af8eb42d56 -> 
  custom:framework-win-MediaFoundation: 216162199b28c13a410421893ffa2e32 -> 
  custom:container-demuxer-ogg: 62fdf1f143b41e24485cea50d1cbac27 -> 
  custom:video-decoder-webm-vp8: 9c59270c3fd7afecdb556c50c9e8de78 -> 
  custom:audio-decoder-ogg-vorbis: bf7c407c2cedff20999df2af8eb42d56 -> 
========================================================================
Received Import Request.
  Time since last request: 26236.294629 seconds.
  path: Assets/YeWonFoler
  artifactKey: Guid(5f4b364c9e376ed4fb6c35b4e2a751e5) Importer(815301076,1909f56bfc062723c751e8b465ee728b)
Start importing Assets/YeWonFoler using Guid(5f4b364c9e376ed4fb6c35b4e2a751e5) Importer(815301076,1909f56bfc062723c751e8b465ee728b)  -> (artifact id: '2c85de84e95772e368a0adf471fd40a8') in 0.013836 seconds 
========================================================================
Received Import Request.
  Time since last request: 43.310637 seconds.
  path: Assets/Oculus
  artifactKey: Guid(86104d16464dc5c4f8fe50083ba01a98) Importer(815301076,1909f56bfc062723c751e8b465ee728b)
Start importing Assets/Oculus using Guid(86104d16464dc5c4f8fe50083ba01a98) Importer(815301076,1909f56bfc062723c751e8b465ee728b)  -> (artifact id: '5a86c57b4166b91ab35ed7ce8feecd18') in 0.006532 seconds 
========================================================================
Received Import Request.
  Time since last request: 0.052240 seconds.
  path: Assets/Oculus/OculusProjectConfig.asset
  artifactKey: Guid(0b19bc67f20ac6c4689883e2af7deac7) Importer(815301076,1909f56bfc062723c751e8b465ee728b)
Start importing Assets/Oculus/OculusProjectConfig.asset using Guid(0b19bc67f20ac6c4689883e2af7deac7) Importer(815301076,1909f56bfc062723c751e8b465ee728b)  -> (artifact id: '825bdc6d9bb9be481e9e2944af825d6f') in 0.023096 seconds 
========================================================================
Received Import Request.
  Time since last request: 2.937282 seconds.
  path: Assets/Resources
  artifactKey: Guid(3535c999fba16d9438c05ad55806d913) Importer(815301076,1909f56bfc062723c751e8b465ee728b)
Start importing Assets/Resources using Guid(3535c999fba16d9438c05ad55806d913) Importer(815301076,1909f56bfc062723c751e8b465ee728b)  -> (artifact id: '55f02eb1b776b70d799496d96ed8fa1f') in 0.006903 seconds 
========================================================================
Received Import Request.
  Time since last request: 0.256091 seconds.
  path: Assets/Resources/OculusRuntimeSettings.asset
  artifactKey: Guid(f101eae36447c124c83d99dec4e40cf3) Importer(815301076,1909f56bfc062723c751e8b465ee728b)
Start importing Assets/Resources/OculusRuntimeSettings.asset using Guid(f101eae36447c124c83d99dec4e40cf3) Importer(815301076,1909f56bfc062723c751e8b465ee728b)  -> (artifact id: '41b92d60b474c427a84335c60b15636a') in 0.006459 seconds 
========================================================================
Received Import Request.
  Time since last request: 0.000012 seconds.
  path: Assets/Resources/OVRPlatformToolSettings.asset
  artifactKey: Guid(4c1ae557ce82ccc4998c75b1ac9a18d7) Importer(815301076,1909f56bfc062723c751e8b465ee728b)
Start importing Assets/Resources/OVRPlatformToolSettings.asset using Guid(4c1ae557ce82ccc4998c75b1ac9a18d7) Importer(815301076,1909f56bfc062723c751e8b465ee728b)  -> (artifact id: '51c6a4e9ed5de09fbe3708053bdafb27') in 0.007052 seconds 
========================================================================
Received Import Request.
  Time since last request: 3.362053 seconds.
  path: Assets/Scripts
  artifactKey: Guid(51a14b1ca7aa9af4a971ec6c362cc147) Importer(815301076,1909f56bfc062723c751e8b465ee728b)
Start importing Assets/Scripts using Guid(51a14b1ca7aa9af4a971ec6c362cc147) Importer(815301076,1909f56bfc062723c751e8b465ee728b)  -> (artifact id: 'a6e243ffadfdc1c40abf67bb77a5b053') in 0.006663 seconds 
========================================================================
Received Import Request.
  Time since last request: 4.010333 seconds.
  path: Assets/XR
  artifactKey: Guid(05028d4ad29025f4b923273f9a54e817) Importer(815301076,1909f56bfc062723c751e8b465ee728b)
Start importing Assets/XR using Guid(05028d4ad29025f4b923273f9a54e817) Importer(815301076,1909f56bfc062723c751e8b465ee728b)  -> (artifact id: 'adb46ab2a31d11db057392d53bbcfac9') in 0.006726 seconds 
========================================================================
Received Import Request.
  Time since last request: 0.054323 seconds.
  path: Assets/XR/XRGeneralSettingsPerBuildTarget.asset
  artifactKey: Guid(95cb37910f3b3b549b09370c5b9144a7) Importer(815301076,1909f56bfc062723c751e8b465ee728b)
Start importing Assets/XR/XRGeneralSettingsPerBuildTarget.asset using Guid(95cb37910f3b3b549b09370c5b9144a7) Importer(815301076,1909f56bfc062723c751e8b465ee728b)  -> (artifact id: 'f710876eab8afad647202100cd644146') in 0.010243 seconds 
========================================================================
Received Import Request.
  Time since last request: 5.101443 seconds.
  path: Assets/YeWonFoler/Resources
  artifactKey: Guid(8ca64e825450c82488d22441bba9e0f9) Importer(815301076,1909f56bfc062723c751e8b465ee728b)
Start importing Assets/YeWonFoler/Resources using Guid(8ca64e825450c82488d22441bba9e0f9) Importer(815301076,1909f56bfc062723c751e8b465ee728b)  -> (artifact id: '7b7ab464eb888b6b57cfadda13183100') in 0.001691 seconds 
========================================================================
Received Import Request.
  Time since last request: 1.531529 seconds.
  path: Assets/YeWonFoler/Scripts
  artifactKey: Guid(df176b04e10ddd545b3bd0b8790e2ac2) Importer(815301076,1909f56bfc062723c751e8b465ee728b)
Start importing Assets/YeWonFoler/Scripts using Guid(df176b04e10ddd545b3bd0b8790e2ac2) Importer(815301076,1909f56bfc062723c751e8b465ee728b)  -> (artifact id: '6c847c0f4856f6a8969fc626674fddb8') in 0.001549 seconds 
========================================================================
Received Import Request.
  Time since last request: 1.246000 seconds.
  path: Assets/YeWonFoler/XR
  artifactKey: Guid(62d2e0a7ee24e7149aebd173722afb2c) Importer(815301076,1909f56bfc062723c751e8b465ee728b)
Start importing Assets/YeWonFoler/XR using Guid(62d2e0a7ee24e7149aebd173722afb2c) Importer(815301076,1909f56bfc062723c751e8b465ee728b)  -> (artifact id: '34b87234eb673f0e678e02dc25b43886') in 0.001607 seconds 
========================================================================
Received Import Request.
  Time since last request: 3.241455 seconds.
  path: Assets/YeWonFoler/Oculus
  artifactKey: Guid(254b12b78efe1cc4fba9990ae3b8a1e8) Importer(815301076,1909f56bfc062723c751e8b465ee728b)
Start importing Assets/YeWonFoler/Oculus using Guid(254b12b78efe1cc4fba9990ae3b8a1e8) Importer(815301076,1909f56bfc062723c751e8b465ee728b)  -> (artifact id: '4c323349d2139631f041ae7cfae44ee5') in 0.001647 seconds 
========================================================================
Received Import Request.
  Time since last request: 1.069404 seconds.
  path: Assets/YeWonFoler/Oculus/SampleFramework
  artifactKey: Guid(bda184ae0a8169a40a0e5070fb8a240f) Importer(815301076,1909f56bfc062723c751e8b465ee728b)
Start importing Assets/YeWonFoler/Oculus/SampleFramework using Guid(bda184ae0a8169a40a0e5070fb8a240f) Importer(815301076,1909f56bfc062723c751e8b465ee728b)  -> (artifact id: '9f53af0118faa7c9d144b2bebb8e5b9f') in 0.006158 seconds 
========================================================================
Received Import Request.
  Time since last request: 1.389292 seconds.
  path: Assets/YeWonFoler/Oculus/SampleFramework/Usage
  artifactKey: Guid(83b3299f209b6d34cbe47567df932711) Importer(815301076,1909f56bfc062723c751e8b465ee728b)
Start importing Assets/YeWonFoler/Oculus/SampleFramework/Usage using Guid(83b3299f209b6d34cbe47567df932711) Importer(815301076,1909f56bfc062723c751e8b465ee728b)  -> (artifact id: '49590829faa44b4f1e17c95eb10bfe96') in 0.006236 seconds 
========================================================================
Received Import Request.
  Time since last request: 1.053936 seconds.
  path: Assets/YeWonFoler/Oculus/SampleFramework/Usage/AppDeeplink
  artifactKey: Guid(72f25ac462aae7b489d2dc005d97ddec) Importer(815301076,1909f56bfc062723c751e8b465ee728b)
Start importing Assets/YeWonFoler/Oculus/SampleFramework/Usage/AppDeeplink using Guid(72f25ac462aae7b489d2dc005d97ddec) Importer(815301076,1909f56bfc062723c751e8b465ee728b)  -> (artifact id: 'b72698cf2534e14fa882f87ae82feee9') in 0.006158 seconds 
========================================================================
Received Import Request.
  Time since last request: 1.197746 seconds.
  path: Assets/YeWonFoler/Oculus/SampleFramework/Usage/AppDeeplink/UI
  artifactKey: Guid(6c172682d138eb84cae95a8b1fb9271d) Importer(815301076,1909f56bfc062723c751e8b465ee728b)
Start importing Assets/YeWonFoler/Oculus/SampleFramework/Usage/AppDeeplink/UI using Guid(6c172682d138eb84cae95a8b1fb9271d) Importer(815301076,1909f56bfc062723c751e8b465ee728b)  -> (artifact id: '2f70fc0680d1dba67bddc7efe4579a7f') in 0.006793 seconds 
========================================================================
Received Prepare
Registering precompiled user dll's ...
Registered in 0.004924 seconds.
Begin MonoManager ReloadAssembly
Symbol file data-000001E748602620 doesn't match image C:\Users\gyw1t\githubRepository_yw\CarrotMarketPro\CarrotProject\Library\ScriptAssemblies\Meta.VoiceSDK.Mic.WebGL.dll
Symbol file LoadedFromMemory is not a mono symbol file
Symbol file data-000001E74DD32C50 doesn't match image C:\Users\gyw1t\githubRepository_yw\CarrotMarketPro\CarrotProject\Library\ScriptAssemblies\Facebook.Wit.Dictation.Editor.dll
Symbol file LoadedFromMemory is not a mono symbol file
Symbol file data-000001E74DD79010 doesn't match image C:\Users\gyw1t\githubRepository_yw\CarrotMarketPro\CarrotProject\Library\ScriptAssemblies\Meta.WitAi.TTS.dll
Symbol file LoadedFromMemory is not a mono symbol file
Symbol file data-000001E74DD81620 doesn't match image C:\Users\gyw1t\githubRepository_yw\CarrotMarketPro\CarrotProject\Library\ScriptAssemblies\Meta.WitAi.TTS.Editor.dll
Symbol file LoadedFromMemory is not a mono symbol file
Symbol file data-000001E74F233D10 doesn't match image C:\Users\gyw1t\githubRepository_yw\CarrotMarketPro\CarrotProject\Library\ScriptAssemblies\Meta.WitAi.TTS.Samples.dll
Symbol file LoadedFromMemory is not a mono symbol file
Symbol file LoadedFromMemory doesn't match image C:\Users\gyw1t\githubRepository_yw\CarrotMarketPro\CarrotProject\Library\PackageCache\com.unity.visualscripting@1.8.0\Editor\VisualScripting.Core\Dependencies\DotNetZip\Unity.VisualScripting.IonicZip.dll
Symbol file LoadedFromMemory doesn't match image C:\Users\gyw1t\githubRepository_yw\CarrotMarketPro\CarrotProject\Library\PackageCache\com.unity.visualscripting@1.8.0\Editor\VisualScripting.Core\Dependencies\YamlDotNet\Unity.VisualScripting.YamlDotNet.dll
Native extension for WindowsStandalone target not found
Refreshing native plugins compatible for Editor in 1.19 ms, found 8 plugins.
Preloading 1 native plugins for Editor in 0.06 ms.
[Package Manager] Server::EnsureServerProcessIsRunning -- launch failed, reason: Unity was launched with the -noUpm command-line argument
[Package Manager] Cannot connect to Unity Package Manager local server
[Package Manager] Server::EnsureServerProcessIsRunning -- launch failed, reason: Unity was launched with the -noUpm command-line argument
[Package Manager] Cannot connect to Unity Package Manager local server
[Package Manager] Server::EnsureServerProcessIsRunning -- launch failed, reason: Unity was launched with the -noUpm command-line argument
[Package Manager] Cannot connect to Unity Package Manager local server
[Package Manager] Server::EnsureServerProcessIsRunning -- launch failed, reason: Unity was launched with the -noUpm command-line argument
[Package Manager] Cannot connect to Unity Package Manager local server
Mono: successfully reloaded assembly
- Completed reload, in  0.807 seconds
Domain Reload Profiling:
	ReloadAssembly (807ms)
		BeginReloadAssembly (115ms)
			ExecutionOrderSort (0ms)
			DisableScriptedObjects (3ms)
			BackupInstance (0ms)
			ReleaseScriptingObjects (0ms)
			CreateAndSetChildDomain (32ms)
		EndReloadAssembly (623ms)
			LoadAssemblies (79ms)
			RebuildTransferFunctionScriptingTraits (0ms)
			SetupTypeCache (200ms)
			ReleaseScriptCaches (1ms)
			RebuildScriptCaches (33ms)
			SetupLoadedEditorAssemblies (280ms)
				LogAssemblyErrors (0ms)
				InitializePlatformSupportModulesInManaged (4ms)
				SetLoadedEditorAssemblies (0ms)
				RefreshPlugins (1ms)
				BeforeProcessingInitializeOnLoad (52ms)
				ProcessInitializeOnLoadAttributes (200ms)
				ProcessInitializeOnLoadMethodAttributes (18ms)
				AfterProcessingInitializeOnLoad (5ms)
				EditorAssembliesLoaded (0ms)
			ExecutionOrderSort2 (0ms)
			AwakeInstancesAfterBackupRestoration (5ms)
Platform modules already initialized, skipping
Shader 'Oculus/OVRMRCameraFrameLit': fallback shader 'Alpha-Diffuse' not found
Refreshing native plugins compatible for Editor in 5.48 ms, found 8 plugins.
Preloading 1 native plugins for Editor in 0.05 ms.
Unloading 4664 Unused Serialized files (Serialized files now loaded: 0)
Unloading 47 unused Assets / (159.9 KB). Loaded Objects now: 5200.
Memory consumption went from 165.9 MB to 165.7 MB.
Total: 2.902400 ms (FindLiveObjects: 0.318800 ms CreateObjectMapping: 0.095500 ms MarkObjects: 2.355400 ms  DeleteObjects: 0.131800 ms)

AssetImportParameters requested are different than current active one (requested -> active):
  custom:video-decoder-ogg-theora: a1e56fd34408186e4bbccfd4996cb3dc -> 
  custom:container-muxer-webm: aa71ff27fc2769a1b78a27578f13a17b -> 
  custom:container-demuxer-webm: 4f35f7cbe854078d1ac9338744f61a02 -> 
  custom:video-encoder-webm-vp8: eb34c28f22e8b96e1ab97ce403110664 -> 
  custom:audio-encoder-webm-vorbis: bf7c407c2cedff20999df2af8eb42d56 -> 
  custom:framework-win-MediaFoundation: 216162199b28c13a410421893ffa2e32 -> 
  custom:container-demuxer-ogg: 62fdf1f143b41e24485cea50d1cbac27 -> 
  custom:video-decoder-webm-vp8: 9c59270c3fd7afecdb556c50c9e8de78 -> 
  custom:audio-decoder-ogg-vorbis: bf7c407c2cedff20999df2af8eb42d56 -> 
